<?xml version="1.0" encoding="UTF-8"?>
<!-- Generated by org.testng.reporters.JUnitXMLReporter -->
<testsuite hostname="DESKTOP-545D5VP" ignored="0" name="ExtentTestDemoChrome" tests="3" failures="1" timestamp="2021-11-12T13:26:47 IST" time="26.687" errors="0">
  <testcase name="validateFaceBookLogo" time="7.423" classname="Extent.ExtentReportDemo.FaceBookLogoTest"/>
  <testcase name="validateHRMPageTitle" time="9.677" classname="Extent.ExtentReportDemo.OrangeHRMTest"/>
  <testcase name="validateGooglesearch" time="13.187" classname="Extent.ExtentReportDemo.GoogleTest">
    <failure type="java.lang.AssertionError" message="expected [true] but found [false]">
      <![CDATA[java.lang.AssertionError: expected [true] but found [false]
at Extent.ExtentReportDemo.GoogleTest.validateGooglesearch(GoogleTest.java:28)
at java.util.concurrent.ThreadPoolExecutor.runWorker(ThreadPoolExecutor.java:1149)
at java.util.concurrent.ThreadPoolExecutor$Worker.run(ThreadPoolExecutor.java:624)
at java.lang.Thread.run(Thread.java:748)
... Removed 16 stack frames]]>
    </failure>
  </testcase> <!-- validateGooglesearch -->
</testsuite> <!-- ExtentTestDemoChrome -->
