<?xml version="1.0" encoding="UTF-8"?>
<!-- Generated by org.testng.reporters.JUnitXMLReporter -->
<testsuite hostname="DESKTOP-545D5VP" ignored="0" name="ExtentTestDemo" tests="3" failures="1" timestamp="2021-11-08T13:02:17 IST" time="42.593" errors="0">
  <testcase name="validateFaceBookLogo" time="23.782" classname="Extent.ExtentReportDemo.FaceBookLogoTest"/>
  <testcase name="validateHRMPageTitle" time="26.011" classname="Extent.ExtentReportDemo.OrangeHRMTest"/>
  <testcase name="validateGooglesearch" time="32.855" classname="Extent.ExtentReportDemo.GoogleTest">
    <failure type="java.lang.AssertionError" message="expected [true] but found [false]">
      <![CDATA[java.lang.AssertionError: expected [true] but found [false]
at Extent.ExtentReportDemo.GoogleTest.validateGooglesearch(GoogleTest.java:26)
at java.util.concurrent.ThreadPoolExecutor.runWorker(ThreadPoolExecutor.java:1149)
at java.util.concurrent.ThreadPoolExecutor$Worker.run(ThreadPoolExecutor.java:624)
at java.lang.Thread.run(Thread.java:748)
... Removed 16 stack frames]]>
    </failure>
  </testcase> <!-- validateGooglesearch -->
</testsuite> <!-- ExtentTestDemo -->
