<?xml version="1.0" encoding="UTF-8"?>
<testng-results skipped="0" failed="1" ignored="0" total="3" passed="2">
  <reporter-output>
  </reporter-output>
  <suite name="Suite" duration-ms="26687" started-at="2021-11-12T13:26:20 IST" finished-at="2021-11-12T13:26:47 IST">
    <groups>
    </groups>
    <test name="ExtentTestDemoChrome" duration-ms="26687" started-at="2021-11-12T13:26:20 IST" finished-at="2021-11-12T13:26:47 IST">
      <class name="Extent.ExtentReportDemo.FaceBookLogoTest">
        <test-method status="PASS" signature="setUpTest(java.lang.String)[pri:0, instance:Extent.ExtentReportDemo.FaceBookLogoTest@29ba4338]" name="setUpTest" is-config="true" duration-ms="11429" started-at="2021-11-12T13:26:20 IST" finished-at="2021-11-12T13:26:31 IST">
          <params>
            <param index="0">
              <value>
                <![CDATA[chrome]]>
              </value>
            </param>
          </params>
          <reporter-output>
          </reporter-output>
        </test-method> <!-- setUpTest -->
        <test-method status="PASS" signature="validateFaceBookLogo()[pri:0, instance:Extent.ExtentReportDemo.FaceBookLogoTest@29ba4338]" name="validateFaceBookLogo" duration-ms="7423" started-at="2021-11-12T13:26:31 IST" finished-at="2021-11-12T13:26:39 IST">
          <reporter-output>
          </reporter-output>
        </test-method> <!-- validateFaceBookLogo -->
        <test-method status="PASS" signature="tearDown()[pri:0, instance:Extent.ExtentReportDemo.FaceBookLogoTest@29ba4338]" name="tearDown" is-config="true" duration-ms="2777" started-at="2021-11-12T13:26:39 IST" finished-at="2021-11-12T13:26:42 IST">
          <reporter-output>
          </reporter-output>
        </test-method> <!-- tearDown -->
        <test-method status="PASS" signature="dispose()[pri:0, instance:Extent.ExtentReportDemo.FaceBookLogoTest@29ba4338]" name="dispose" is-config="true" duration-ms="0" started-at="2021-11-12T13:26:42 IST" finished-at="2021-11-12T13:26:42 IST">
          <reporter-output>
          </reporter-output>
        </test-method> <!-- dispose -->
      </class> <!-- Extent.ExtentReportDemo.FaceBookLogoTest -->
      <class name="Extent.ExtentReportDemo.GoogleTest">
        <test-method status="PASS" signature="setUpTest(java.lang.String)[pri:0, instance:Extent.ExtentReportDemo.GoogleTest@57175e74]" name="setUpTest" is-config="true" duration-ms="11429" started-at="2021-11-12T13:26:20 IST" finished-at="2021-11-12T13:26:31 IST">
          <params>
            <param index="0">
              <value>
                <![CDATA[chrome]]>
              </value>
            </param>
          </params>
          <reporter-output>
          </reporter-output>
        </test-method> <!-- setUpTest -->
        <test-method status="FAIL" signature="validateGooglesearch()[pri:0, instance:Extent.ExtentReportDemo.GoogleTest@57175e74]" name="validateGooglesearch" duration-ms="13187" started-at="2021-11-12T13:26:31 IST" finished-at="2021-11-12T13:26:45 IST">
          <exception class="java.lang.AssertionError">
            <message>
              <![CDATA[expected [true] but found [false]]]>
            </message>
            <full-stacktrace>
              <![CDATA[java.lang.AssertionError: expected [true] but found [false]
at org.testng.Assert.fail(Assert.java:97)
at org.testng.Assert.failNotEquals(Assert.java:969)
at org.testng.Assert.assertTrue(Assert.java:43)
at org.testng.Assert.assertTrue(Assert.java:53)
at Extent.ExtentReportDemo.GoogleTest.validateGooglesearch(GoogleTest.java:28)
at sun.reflect.NativeMethodAccessorImpl.invoke0(Native Method)
at sun.reflect.NativeMethodAccessorImpl.invoke(NativeMethodAccessorImpl.java:62)
at sun.reflect.DelegatingMethodAccessorImpl.invoke(DelegatingMethodAccessorImpl.java:43)
at java.lang.reflect.Method.invoke(Method.java:498)
at org.testng.internal.MethodInvocationHelper.invokeMethod(MethodInvocationHelper.java:134)
at org.testng.internal.TestInvoker.invokeMethod(TestInvoker.java:597)
at org.testng.internal.TestInvoker.invokeTestMethod(TestInvoker.java:173)
at org.testng.internal.MethodRunner.runInSequence(MethodRunner.java:46)
at org.testng.internal.TestInvoker$MethodInvocationAgent.invoke(TestInvoker.java:816)
at org.testng.internal.TestInvoker.invokeTestMethods(TestInvoker.java:146)
at org.testng.internal.TestMethodWorker.invokeTestMethods(TestMethodWorker.java:146)
at org.testng.internal.TestMethodWorker.run(TestMethodWorker.java:128)
at java.util.concurrent.ThreadPoolExecutor.runWorker(ThreadPoolExecutor.java:1149)
at java.util.concurrent.ThreadPoolExecutor$Worker.run(ThreadPoolExecutor.java:624)
at java.lang.Thread.run(Thread.java:748)
]]>
            </full-stacktrace>
          </exception> <!-- java.lang.AssertionError -->
          <reporter-output>
          </reporter-output>
        </test-method> <!-- validateGooglesearch -->
        <test-method status="PASS" signature="tearDown()[pri:0, instance:Extent.ExtentReportDemo.GoogleTest@57175e74]" name="tearDown" is-config="true" duration-ms="1726" started-at="2021-11-12T13:26:45 IST" finished-at="2021-11-12T13:26:47 IST">
          <reporter-output>
          </reporter-output>
        </test-method> <!-- tearDown -->
        <test-method status="PASS" signature="dispose()[pri:0, instance:Extent.ExtentReportDemo.GoogleTest@57175e74]" name="dispose" is-config="true" duration-ms="0" started-at="2021-11-12T13:26:47 IST" finished-at="2021-11-12T13:26:47 IST">
          <reporter-output>
          </reporter-output>
        </test-method> <!-- dispose -->
      </class> <!-- Extent.ExtentReportDemo.GoogleTest -->
      <class name="Extent.ExtentReportDemo.OrangeHRMTest">
        <test-method status="PASS" signature="setUpTest(java.lang.String)[pri:0, instance:Extent.ExtentReportDemo.OrangeHRMTest@4206a205]" name="setUpTest" is-config="true" duration-ms="11429" started-at="2021-11-12T13:26:20 IST" finished-at="2021-11-12T13:26:31 IST">
          <params>
            <param index="0">
              <value>
                <![CDATA[chrome]]>
              </value>
            </param>
          </params>
          <reporter-output>
          </reporter-output>
        </test-method> <!-- setUpTest -->
        <test-method status="PASS" signature="validateHRMPageTitle()[pri:0, instance:Extent.ExtentReportDemo.OrangeHRMTest@4206a205]" name="validateHRMPageTitle" duration-ms="9677" started-at="2021-11-12T13:26:31 IST" finished-at="2021-11-12T13:26:41 IST">
          <reporter-output>
          </reporter-output>
        </test-method> <!-- validateHRMPageTitle -->
        <test-method status="PASS" signature="tearDown()[pri:0, instance:Extent.ExtentReportDemo.OrangeHRMTest@4206a205]" name="tearDown" is-config="true" duration-ms="1943" started-at="2021-11-12T13:26:41 IST" finished-at="2021-11-12T13:26:43 IST">
          <reporter-output>
          </reporter-output>
        </test-method> <!-- tearDown -->
        <test-method status="PASS" signature="dispose()[pri:0, instance:Extent.ExtentReportDemo.OrangeHRMTest@4206a205]" name="dispose" is-config="true" duration-ms="0" started-at="2021-11-12T13:26:43 IST" finished-at="2021-11-12T13:26:43 IST">
          <reporter-output>
          </reporter-output>
        </test-method> <!-- dispose -->
      </class> <!-- Extent.ExtentReportDemo.OrangeHRMTest -->
    </test> <!-- ExtentTestDemoChrome -->
  </suite> <!-- Suite -->
</testng-results>
